<?xml version="1.0" encoding="UTF-8"?>
<!-- Generated by org.testng.reporters.JUnitXMLReporter -->
<testsuite ignored="0" hostname="Sharons-MBP.lan" failures="0" tests="10" name="Surefire test" time="4.318" errors="0" timestamp="2025-01-28T21:21:55 EST">
  <testcase classname="api.tests.UserDataDrivenTest" name="testPostUser" time="1.171"/>
  <testcase classname="api.tests.UserDataDrivenTest" name="testPostUser" time="0.277"/>
  <testcase classname="api.tests.UserDataDrivenTest" name="testPostUser" time="0.209"/>
  <testcase classname="api.tests.UserDataDrivenTest" name="testDeleteUserByName" time="0.276"/>
  <testcase classname="api.tests.UserDataDrivenTest" name="testDeleteUserByName" time="0.211"/>
  <testcase classname="api.tests.UserDataDrivenTest" name="testDeleteUserByName" time="0.332"/>
  <testcase classname="api.tests.UserTests" name="testPostUser" time="0.321"/>
  <testcase classname="api.tests.UserTests" name="testGetUserByName" time="0.253"/>
  <testcase classname="api.tests.UserTests" name="testDeleteUserByName" time="0.258"/>
  <testcase classname="api.tests.UserTests" name="testUpdateUserByName" time="0.439"/>
</testsuite> <!-- Surefire test -->
