<?xml version="1.0" encoding="UTF-8"?>
<!-- Generated by org.testng.reporters.JUnitXMLReporter -->
<testsuite ignored="0" hostname="Sharons-MBP.lan" failures="0" tests="6" name="Default test" time="7.517" errors="0" timestamp="2025-01-28T19:19:21 EST">
  <testcase classname="api.tests.UserDataDrivenTest" name="testPostUser" time="3.572"/>
  <testcase classname="api.tests.UserDataDrivenTest" name="testPostUser" time="0.318"/>
  <testcase classname="api.tests.UserDataDrivenTest" name="testPostUser" time="0.25"/>
  <testcase classname="api.tests.UserDataDrivenTest" name="testDeleteUserByName" time="0.305"/>
  <testcase classname="api.tests.UserDataDrivenTest" name="testDeleteUserByName" time="0.191"/>
  <testcase classname="api.tests.UserDataDrivenTest" name="testDeleteUserByName" time="0.278"/>
</testsuite> <!-- Default test -->
