<?xml version="1.0" encoding="UTF-8"?>
<testsuite xmlns:xsi="http://www.w3.org/2001/XMLSchema-instance" xsi:noNamespaceSchemaLocation="https://maven.apache.org/surefire/maven-surefire-plugin/xsd/surefire-test-report.xsd" version="3.0.2" name="TestSuite" time="4.712" tests="10" errors="0" skipped="0" failures="0">
  <properties>
[...]
</properties>
  <testcase name="testPostUser[1010, testUser1, John, Canedy, a12@gmail.com, test@123, 123456789](1)" classname="api.tests.UserDataDrivenTest" time="1.172"/>
  <testcase name="testPostUser[1020, testUser2, Kim, Collins, sd23@gmail.com, test@355, 987654322](2)" classname="api.tests.UserDataDrivenTest" time="0.272"/>
  <testcase name="testPostUser[1030, testUser3, Smith, Steve, ef33@gmail.com, test@98h, 678954328](3)" classname="api.tests.UserDataDrivenTest" time="0.208"/>
  <testcase name="testDeleteUserByName[testUser1](1)" classname="api.tests.UserDataDrivenTest" time="0.275"/>
  <testcase name="testDeleteUserByName[testUser2](2)" classname="api.tests.UserDataDrivenTest" time="0.212"/>
  <testcase name="testDeleteUserByName[testUser3](3)" classname="api.tests.UserDataDrivenTest" time="0.332"/>
  <testcase name="testPostUser" classname="api.tests.UserTests" time="0.325">
    <system-out><![CDATA[HTTP/1.1 200 OK
Date: Wed, 29 Jan 2025 02:21:54 GMT
Content-Type: application/json
Transfer-Encoding: chunked
Connection: keep-alive
Access-Control-Allow-Origin: *
Access-Control-Allow-Methods: GET, POST, DELETE, PUT
Access-Control-Allow-Headers: Content-Type, api_key, Authorization
Server: Jetty(9.2.9.v20150224)

{
    "code": 200,
    "type": "unknown",
    "message": "460741164"
}
]]></system-out>
  </testcase>
  <testcase name="testGetUserByName" classname="api.tests.UserTests" time="0.251">
    <system-out><![CDATA[HTTP/1.1 200 OK
Date: Wed, 29 Jan 2025 02:21:55 GMT
Content-Type: application/json
Transfer-Encoding: chunked
Connection: keep-alive
Access-Control-Allow-Origin: *
Access-Control-Allow-Methods: GET, POST, DELETE, PUT
Access-Control-Allow-Headers: Content-Type, api_key, Authorization
Server: Jetty(9.2.9.v20150224)

{
    "id": 460741164,
    "username": "kelsey.davis",
    "firstName": "Andy",
    "lastName": "Nitzsche",
    "email": "devin.hansen@example.com",
    "password": "n8f798pa",
    "phone": "586.272.1986",
    "userStatus": 0
}
]]></system-out>
  </testcase>
  <testcase name="testDeleteUserByName" classname="api.tests.UserTests" time="0.259">
    <system-out><![CDATA[{
    "code": 200,
    "type": "unknown",
    "message": "kelsey.davis"
}
]]></system-out>
  </testcase>
  <testcase name="testUpdateUserByName" classname="api.tests.UserTests" time="0.44">
    <system-out><![CDATA[HTTP/1.1 200 OK
Date: Wed, 29 Jan 2025 02:21:55 GMT
Content-Type: application/json
Transfer-Encoding: chunked
Connection: keep-alive
Access-Control-Allow-Origin: *
Access-Control-Allow-Methods: GET, POST, DELETE, PUT
Access-Control-Allow-Headers: Content-Type, api_key, Authorization
Server: Jetty(9.2.9.v20150224)

{
    "code": 200,
    "type": "unknown",
    "message": "460741164"
}
HTTP/1.1 200 OK
Date: Wed, 29 Jan 2025 02:21:55 GMT
Content-Type: application/json
Transfer-Encoding: chunked
Connection: keep-alive
Access-Control-Allow-Origin: *
Access-Control-Allow-Methods: GET, POST, DELETE, PUT
Access-Control-Allow-Headers: Content-Type, api_key, Authorization
Server: Jetty(9.2.9.v20150224)

{
    "id": 460741164,
    "username": "kelsey.davis",
    "firstName": "Mac",
    "lastName": "Nitzsche",
    "email": "hobert.welch@hotmail.com",
    "password": "n8f798pa",
    "phone": "962-500-0522",
    "userStatus": 0
}
]]></system-out>
  </testcase>
</testsuite>