<?xml version="1.0" encoding="UTF-8"?>
<testng-results ignored="0" total="10" passed="10" failed="0" skipped="0">
  <reporter-output>
  </reporter-output>
  <suite started-at="2025-01-28T21:21:51 EST" name="Surefire suite" finished-at="2025-01-28T21:21:55 EST" duration-ms="4318">
    <groups>
    </groups>
    <test started-at="2025-01-28T21:21:51 EST" name="Surefire test" finished-at="2025-01-28T21:21:55 EST" duration-ms="4318">
      <class name="api.tests.UserTests">
        <test-method is-config="true" signature="setup()[pri:0, instance:api.tests.UserTests@2f16c6b3]" started-at="2025-01-28T21:21:51 EST" name="setup" finished-at="2025-01-28T21:21:51 EST" duration-ms="78" status="PASS">
          <reporter-output>
          </reporter-output>
        </test-method> <!-- setup -->
        <test-method signature="testPostUser()[pri:1, instance:api.tests.UserTests@2f16c6b3]" started-at="2025-01-28T21:21:54 EST" name="testPostUser" finished-at="2025-01-28T21:21:54 EST" duration-ms="321" status="PASS">
          <reporter-output>
          </reporter-output>
        </test-method> <!-- testPostUser -->
        <test-method signature="testGetUserByName()[pri:2, instance:api.tests.UserTests@2f16c6b3]" started-at="2025-01-28T21:21:54 EST" name="testGetUserByName" finished-at="2025-01-28T21:21:55 EST" duration-ms="253" status="PASS">
          <reporter-output>
          </reporter-output>
        </test-method> <!-- testGetUserByName -->
        <test-method signature="testDeleteUserByName()[pri:3, instance:api.tests.UserTests@2f16c6b3]" started-at="2025-01-28T21:21:55 EST" name="testDeleteUserByName" finished-at="2025-01-28T21:21:55 EST" duration-ms="258" status="PASS">
          <reporter-output>
          </reporter-output>
        </test-method> <!-- testDeleteUserByName -->
        <test-method signature="testUpdateUserByName()[pri:3, instance:api.tests.UserTests@2f16c6b3]" started-at="2025-01-28T21:21:55 EST" name="testUpdateUserByName" finished-at="2025-01-28T21:21:55 EST" duration-ms="439" status="PASS">
          <reporter-output>
          </reporter-output>
        </test-method> <!-- testUpdateUserByName -->
      </class> <!-- api.tests.UserTests -->
      <class name="api.tests.UserDataDrivenTest">
        <test-method signature="testPostUser(java.lang.String,java.lang.String,java.lang.String,java.lang.String,java.lang.String,java.lang.String,java.lang.String)[pri:1, instance:api.tests.UserDataDrivenTest@484094a5]" started-at="2025-01-28T21:21:51 EST" name="testPostUser" data-provider="Data" finished-at="2025-01-28T21:21:53 EST" duration-ms="1171" status="PASS">
          <params>
            <param index="0">
              <value>
                <![CDATA[1010]]>
              </value>
            </param>
            <param index="1">
              <value>
                <![CDATA[testUser1]]>
              </value>
            </param>
            <param index="2">
              <value>
                <![CDATA[John]]>
              </value>
            </param>
            <param index="3">
              <value>
                <![CDATA[Canedy]]>
              </value>
            </param>
            <param index="4">
              <value>
                <![CDATA[a12@gmail.com]]>
              </value>
            </param>
            <param index="5">
              <value>
                <![CDATA[test@123]]>
              </value>
            </param>
            <param index="6">
              <value>
                <![CDATA[123456789]]>
              </value>
            </param>
          </params>
          <reporter-output>
          </reporter-output>
        </test-method> <!-- testPostUser -->
        <test-method signature="testPostUser(java.lang.String,java.lang.String,java.lang.String,java.lang.String,java.lang.String,java.lang.String,java.lang.String)[pri:1, instance:api.tests.UserDataDrivenTest@484094a5]" started-at="2025-01-28T21:21:53 EST" name="testPostUser" data-provider="Data" finished-at="2025-01-28T21:21:53 EST" duration-ms="277" status="PASS">
          <params>
            <param index="0">
              <value>
                <![CDATA[1020]]>
              </value>
            </param>
            <param index="1">
              <value>
                <![CDATA[testUser2]]>
              </value>
            </param>
            <param index="2">
              <value>
                <![CDATA[Kim]]>
              </value>
            </param>
            <param index="3">
              <value>
                <![CDATA[Collins]]>
              </value>
            </param>
            <param index="4">
              <value>
                <![CDATA[sd23@gmail.com]]>
              </value>
            </param>
            <param index="5">
              <value>
                <![CDATA[test@355]]>
              </value>
            </param>
            <param index="6">
              <value>
                <![CDATA[987654322]]>
              </value>
            </param>
          </params>
          <reporter-output>
          </reporter-output>
        </test-method> <!-- testPostUser -->
        <test-method signature="testPostUser(java.lang.String,java.lang.String,java.lang.String,java.lang.String,java.lang.String,java.lang.String,java.lang.String)[pri:1, instance:api.tests.UserDataDrivenTest@484094a5]" started-at="2025-01-28T21:21:53 EST" name="testPostUser" data-provider="Data" finished-at="2025-01-28T21:21:53 EST" duration-ms="209" status="PASS">
          <params>
            <param index="0">
              <value>
                <![CDATA[1030]]>
              </value>
            </param>
            <param index="1">
              <value>
                <![CDATA[testUser3]]>
              </value>
            </param>
            <param index="2">
              <value>
                <![CDATA[Smith]]>
              </value>
            </param>
            <param index="3">
              <value>
                <![CDATA[Steve]]>
              </value>
            </param>
            <param index="4">
              <value>
                <![CDATA[ef33@gmail.com]]>
              </value>
            </param>
            <param index="5">
              <value>
                <![CDATA[test@98h]]>
              </value>
            </param>
            <param index="6">
              <value>
                <![CDATA[678954328]]>
              </value>
            </param>
          </params>
          <reporter-output>
          </reporter-output>
        </test-method> <!-- testPostUser -->
        <test-method signature="testDeleteUserByName(java.lang.String)[pri:2, instance:api.tests.UserDataDrivenTest@484094a5]" started-at="2025-01-28T21:21:53 EST" name="testDeleteUserByName" data-provider="UserNames" finished-at="2025-01-28T21:21:53 EST" duration-ms="276" status="PASS">
          <params>
            <param index="0">
              <value>
                <![CDATA[testUser1]]>
              </value>
            </param>
          </params>
          <reporter-output>
          </reporter-output>
        </test-method> <!-- testDeleteUserByName -->
        <test-method signature="testDeleteUserByName(java.lang.String)[pri:2, instance:api.tests.UserDataDrivenTest@484094a5]" started-at="2025-01-28T21:21:53 EST" name="testDeleteUserByName" data-provider="UserNames" finished-at="2025-01-28T21:21:54 EST" duration-ms="211" status="PASS">
          <params>
            <param index="0">
              <value>
                <![CDATA[testUser2]]>
              </value>
            </param>
          </params>
          <reporter-output>
          </reporter-output>
        </test-method> <!-- testDeleteUserByName -->
        <test-method signature="testDeleteUserByName(java.lang.String)[pri:2, instance:api.tests.UserDataDrivenTest@484094a5]" started-at="2025-01-28T21:21:54 EST" name="testDeleteUserByName" data-provider="UserNames" finished-at="2025-01-28T21:21:54 EST" duration-ms="332" status="PASS">
          <params>
            <param index="0">
              <value>
                <![CDATA[testUser3]]>
              </value>
            </param>
          </params>
          <reporter-output>
          </reporter-output>
        </test-method> <!-- testDeleteUserByName -->
      </class> <!-- api.tests.UserDataDrivenTest -->
    </test> <!-- Surefire test -->
  </suite> <!-- Surefire suite -->
</testng-results>
