<?xml version="1.0" encoding="UTF-8"?>
<testng-results ignored="0" total="6" passed="6" failed="0" skipped="0">
  <reporter-output>
  </reporter-output>
  <suite started-at="2025-01-28T20:33:52 EST" name="PetStoreSuite" finished-at="2025-01-28T20:33:57 EST" duration-ms="5617">
    <groups>
    </groups>
    <test started-at="2025-01-28T20:33:52 EST" name="PetTest" finished-at="2025-01-28T20:33:57 EST" duration-ms="5617">
      <class name="api.tests.UserDataDrivenTest">
        <test-method signature="testPostUser(java.lang.String,java.lang.String,java.lang.String,java.lang.String,java.lang.String,java.lang.String,java.lang.String)[pri:1, instance:api.tests.UserDataDrivenTest@1608bcbd]" started-at="2025-01-28T20:33:53 EST" name="testPostUser" data-provider="Data" finished-at="2025-01-28T20:33:56 EST" duration-ms="2462" status="PASS">
          <params>
            <param index="0">
              <value>
                <![CDATA[1010]]>
              </value>
            </param>
            <param index="1">
              <value>
                <![CDATA[testUser1]]>
              </value>
            </param>
            <param index="2">
              <value>
                <![CDATA[John]]>
              </value>
            </param>
            <param index="3">
              <value>
                <![CDATA[Canedy]]>
              </value>
            </param>
            <param index="4">
              <value>
                <![CDATA[a12@gmail.com]]>
              </value>
            </param>
            <param index="5">
              <value>
                <![CDATA[test@123]]>
              </value>
            </param>
            <param index="6">
              <value>
                <![CDATA[123456789]]>
              </value>
            </param>
          </params>
          <reporter-output>
          </reporter-output>
        </test-method> <!-- testPostUser -->
        <test-method signature="testPostUser(java.lang.String,java.lang.String,java.lang.String,java.lang.String,java.lang.String,java.lang.String,java.lang.String)[pri:1, instance:api.tests.UserDataDrivenTest@1608bcbd]" started-at="2025-01-28T20:33:56 EST" name="testPostUser" data-provider="Data" finished-at="2025-01-28T20:33:56 EST" duration-ms="220" status="PASS">
          <params>
            <param index="0">
              <value>
                <![CDATA[1020]]>
              </value>
            </param>
            <param index="1">
              <value>
                <![CDATA[testUser2]]>
              </value>
            </param>
            <param index="2">
              <value>
                <![CDATA[Kim]]>
              </value>
            </param>
            <param index="3">
              <value>
                <![CDATA[Collins]]>
              </value>
            </param>
            <param index="4">
              <value>
                <![CDATA[sd23@gmail.com]]>
              </value>
            </param>
            <param index="5">
              <value>
                <![CDATA[test@355]]>
              </value>
            </param>
            <param index="6">
              <value>
                <![CDATA[987654322]]>
              </value>
            </param>
          </params>
          <reporter-output>
          </reporter-output>
        </test-method> <!-- testPostUser -->
        <test-method signature="testPostUser(java.lang.String,java.lang.String,java.lang.String,java.lang.String,java.lang.String,java.lang.String,java.lang.String)[pri:1, instance:api.tests.UserDataDrivenTest@1608bcbd]" started-at="2025-01-28T20:33:56 EST" name="testPostUser" data-provider="Data" finished-at="2025-01-28T20:33:56 EST" duration-ms="280" status="PASS">
          <params>
            <param index="0">
              <value>
                <![CDATA[1030]]>
              </value>
            </param>
            <param index="1">
              <value>
                <![CDATA[testUser3]]>
              </value>
            </param>
            <param index="2">
              <value>
                <![CDATA[Smith]]>
              </value>
            </param>
            <param index="3">
              <value>
                <![CDATA[Steve]]>
              </value>
            </param>
            <param index="4">
              <value>
                <![CDATA[ef33@gmail.com]]>
              </value>
            </param>
            <param index="5">
              <value>
                <![CDATA[test@98h]]>
              </value>
            </param>
            <param index="6">
              <value>
                <![CDATA[678954328]]>
              </value>
            </param>
          </params>
          <reporter-output>
          </reporter-output>
        </test-method> <!-- testPostUser -->
        <test-method signature="testDeleteUserByName(java.lang.String)[pri:2, instance:api.tests.UserDataDrivenTest@1608bcbd]" started-at="2025-01-28T20:33:57 EST" name="testDeleteUserByName" data-provider="UserNames" finished-at="2025-01-28T20:33:57 EST" duration-ms="285" status="PASS">
          <params>
            <param index="0">
              <value>
                <![CDATA[testUser1]]>
              </value>
            </param>
          </params>
          <reporter-output>
          </reporter-output>
        </test-method> <!-- testDeleteUserByName -->
        <test-method signature="testDeleteUserByName(java.lang.String)[pri:2, instance:api.tests.UserDataDrivenTest@1608bcbd]" started-at="2025-01-28T20:33:57 EST" name="testDeleteUserByName" data-provider="UserNames" finished-at="2025-01-28T20:33:57 EST" duration-ms="226" status="PASS">
          <params>
            <param index="0">
              <value>
                <![CDATA[testUser2]]>
              </value>
            </param>
          </params>
          <reporter-output>
          </reporter-output>
        </test-method> <!-- testDeleteUserByName -->
        <test-method signature="testDeleteUserByName(java.lang.String)[pri:2, instance:api.tests.UserDataDrivenTest@1608bcbd]" started-at="2025-01-28T20:33:57 EST" name="testDeleteUserByName" data-provider="UserNames" finished-at="2025-01-28T20:33:57 EST" duration-ms="211" status="PASS">
          <params>
            <param index="0">
              <value>
                <![CDATA[testUser3]]>
              </value>
            </param>
          </params>
          <reporter-output>
          </reporter-output>
        </test-method> <!-- testDeleteUserByName -->
      </class> <!-- api.tests.UserDataDrivenTest -->
    </test> <!-- PetTest -->
  </suite> <!-- PetStoreSuite -->
</testng-results>
