<?xml version="1.0" encoding="UTF-8"?>
<!-- Generated by org.testng.reporters.JUnitXMLReporter -->
<testsuite ignored="0" hostname="Sharons-MBP.lan" failures="0" tests="6" name="PetTest" time="5.617" errors="0" timestamp="2025-01-28T20:33:58 EST">
  <testcase classname="api.tests.UserDataDrivenTest" name="testPostUser" time="2.462"/>
  <testcase classname="api.tests.UserDataDrivenTest" name="testPostUser" time="0.22"/>
  <testcase classname="api.tests.UserDataDrivenTest" name="testPostUser" time="0.28"/>
  <testcase classname="api.tests.UserDataDrivenTest" name="testDeleteUserByName" time="0.285"/>
  <testcase classname="api.tests.UserDataDrivenTest" name="testDeleteUserByName" time="0.226"/>
  <testcase classname="api.tests.UserDataDrivenTest" name="testDeleteUserByName" time="0.211"/>
</testsuite> <!-- PetTest -->
